<?xml version="1.0" encoding="UTF-8"?>
<testng-results skipped="0" failed="0" ignored="0" total="2" passed="2">
  <reporter-output>
  </reporter-output>
  <suite name="Default suite" duration-ms="10694" started-at="2019-08-17T05:46:13Z" finished-at="2019-08-17T05:46:24Z">
    <groups>
    </groups>
    <test name="Default test" duration-ms="10694" started-at="2019-08-17T05:46:13Z" finished-at="2019-08-17T05:46:24Z">
      <class name="apiTestingPackage.basicsDemoTwo">
        <test-method status="PASS" signature="postData()[pri:0, instance:apiTestingPackage.basicsDemoTwo@6f1fba17]" name="postData" duration-ms="1338" started-at="2019-08-17T05:46:13Z" finished-at="2019-08-17T05:46:15Z">
          <reporter-output>
          </reporter-output>
        </test-method> <!-- postData -->
      </class> <!-- apiTestingPackage.basicsDemoTwo -->
      <class name="apiTestingPackage.basicsDemoApi">
        <test-method status="PASS" signature="testOne()[pri:0, instance:apiTestingPackage.basicsDemoApi@335eadca]" name="testOne" duration-ms="9257" started-at="2019-08-17T05:46:15Z" finished-at="2019-08-17T05:46:24Z">
          <reporter-output>
          </reporter-output>
        </test-method> <!-- testOne -->
      </class> <!-- apiTestingPackage.basicsDemoApi -->
    </test> <!-- Default test -->
  </suite> <!-- Default suite -->
</testng-results>
