<?xml version="1.0" encoding="UTF-8"?>
<testng-results skipped="0" failed="0" ignored="0" total="1" passed="1">
  <reporter-output>
  </reporter-output>
  <suite name="Default suite" duration-ms="6013" started-at="2019-09-08T03:57:30Z" finished-at="2019-09-08T03:57:36Z">
    <groups>
    </groups>
    <test name="Default test" duration-ms="6013" started-at="2019-09-08T03:57:30Z" finished-at="2019-09-08T03:57:36Z">
      <class name="apiTestingPackage.basicsDemoFive">
        <test-method status="PASS" signature="testOne()[pri:0, instance:apiTestingPackage.basicsDemoFive@6c3708b3]" name="testOne" duration-ms="5961" started-at="2019-09-08T03:57:30Z" finished-at="2019-09-08T03:57:36Z">
          <reporter-output>
          </reporter-output>
        </test-method> <!-- testOne -->
      </class> <!-- apiTestingPackage.basicsDemoFive -->
    </test> <!-- Default test -->
  </suite> <!-- Default suite -->
</testng-results>
